npm error code ERESOLVE
npm error ERESOLVE could not resolve
npm error
npm error While resolving: next-auth@5.0.0-beta.31
npm error Found: nodemailer@9.0.0
npm error node_modules/nodemailer
npm error   nodemailer@"^9.0.0" from the root project
npm error
npm error Could not resolve dependency:
npm error peerOptional nodemailer@"^7.0.7" from next-auth@5.0.0-beta.31
npm error node_modules/next-auth
npm error   next-auth@"^5.0.0-beta.31" from the root project
npm error
npm error Conflicting peer dependency: nodemailer@7.0.13
npm error node_modules/nodemailer
npm error   peerOptional nodemailer@"^7.0.7" from next-auth@5.0.0-beta.31
npm error   node_modules/next-auth
npm error     next-auth@"^5.0.0-beta.31" from the root project
npm error
npm error Fix the upstream dependency conflict, or retry this command with --force or --legacy-peer-deps to accept an incorrect (and potentially broken) dependency resolution.
npm error
npm error
npm error For a full report see:
npm error C:\Users\DELL-T3650\AppData\Local\npm-cache\_logs\2026-06-18T06_12_35_102Z-eresolve-report.txt
npm error A complete log of this run can be found in: C:\Users\DELL-T3650\AppData\Local\npm-cache\_logs\2026-06-18T06_12_35_102Z-debug-0.log
